1		: JUDGE		: wants to enter
2		: JUDGE		: enters		: 0		: 0		: 0
3		: JUDGE		: starts confirmation	: 0		: 0		: 0
4		: IMM 1		: starts
5		: JUDGE		: ends confirmation	: 0		: 0		: 0
6		: IMM 2		: starts
7		: JUDGE		: leaves		: 0		: 0		: 0
8		: IMM 1		: enters		: 1		: 0		: 1
9		: IMM 2		: enters		: 2		: 0		: 2
10		: IMM 1		: checks		: 2		: 1		: 2
11		: IMM 2		: checks		: 2		: 2		: 2
12		: IMM 3		: starts
13		: IMM 3		: enters		: 3		: 2		: 3
14		: IMM 3		: checks		: 3		: 3		: 3
15		: JUDGE		: wants to enter
16		: JUDGE		: enters		: 3		: 3		: 3
17		: JUDGE		: starts confirmation	: 3		: 3		: 3
18		: IMM 4		: starts
19		: JUDGE		: ends confirmation	: 0		: 0		: 3
20		: IMM 1		: wants	certificate	: 0		: 0		: 3
21		: IMM 2		: wants	certificate	: 0		: 0		: 3
22		: IMM 3		: wants	certificate	: 0		: 0		: 3
23		: IMM 1		: got certificate	: 0		: 0		: 3
24		: IMM 3		: got certificate	: 0		: 0		: 3
25		: IMM 2		: got certificate	: 0		: 0		: 3
26		: IMM 5		: starts
27		: JUDGE		: leaves		: 0		: 0		: 3
28		: IMM 4		: enters		: 1		: 0		: 4
29		: IMM 4		: checks		: 1		: 1		: 4
30		: IMM 1		: leaves		: 1		: 1		: 3
31		: IMM 3		: leaves		: 1		: 1		: 2
32		: IMM 2		: leaves		: 1		: 1		: 1
33		: IMM 5		: enters		: 2		: 1		: 2
34		: IMM 5		: checks		: 2		: 2		: 2
35		: IMM 6		: starts
36		: IMM 6		: enters		: 3		: 2		: 3
37		: IMM 6		: checks		: 3		: 3		: 3
38		: JUDGE		: wants to enter
39		: JUDGE		: enters		: 3		: 3		: 3
40		: JUDGE		: starts confirmation	: 3		: 3		: 3
41		: IMM 7		: starts
42		: JUDGE		: ends confirmation	: 0		: 0		: 3
43		: IMM 4		: wants	certificate	: 0		: 0		: 3
44		: IMM 5		: wants	certificate	: 0		: 0		: 3
45		: IMM 6		: wants	certificate	: 0		: 0		: 3
46		: IMM 4		: got certificate	: 0		: 0		: 3
47		: IMM 5		: got certificate	: 0		: 0		: 3
48		: IMM 6		: got certificate	: 0		: 0		: 3
49		: IMM 8		: starts
50		: JUDGE		: leaves		: 0		: 0		: 3
51		: IMM 7		: enters		: 1		: 0		: 4
52		: IMM 7		: checks		: 1		: 1		: 4
53		: IMM 4		: leaves		: 1		: 1		: 3
54		: IMM 5		: leaves		: 1		: 1		: 2
55		: IMM 6		: leaves		: 1		: 1		: 1
56		: IMM 8		: enters		: 2		: 1		: 2
57		: IMM 8		: checks		: 2		: 2		: 2
58		: IMM 9		: starts
59		: IMM 9		: enters		: 3		: 2		: 3
60		: IMM 9		: checks		: 3		: 3		: 3
61		: JUDGE		: wants to enter
62		: JUDGE		: enters		: 3		: 3		: 3
63		: JUDGE		: starts confirmation	: 3		: 3		: 3
64		: IMM 10		: starts
65		: JUDGE		: ends confirmation	: 0		: 0		: 3
66		: IMM 7		: wants	certificate	: 0		: 0		: 3
67		: IMM 8		: wants	certificate	: 0		: 0		: 3
68		: IMM 9		: wants	certificate	: 0		: 0		: 3
69		: IMM 8		: got certificate	: 0		: 0		: 3
70		: IMM 9		: got certificate	: 0		: 0		: 3
71		: IMM 7		: got certificate	: 0		: 0		: 3
72		: IMM 11		: starts
73		: JUDGE		: leaves		: 0		: 0		: 3
74		: IMM 10		: enters		: 1		: 0		: 4
75		: IMM 10		: checks		: 1		: 1		: 4
76		: IMM 9		: leaves		: 1		: 1		: 3
77		: IMM 7		: leaves		: 1		: 1		: 2
78		: IMM 8		: leaves		: 1		: 1		: 1
79		: IMM 11		: enters		: 2		: 1		: 2
80		: IMM 11		: checks		: 2		: 2		: 2
81		: IMM 12		: starts
82		: IMM 12		: enters		: 3		: 2		: 3
83		: IMM 12		: checks		: 3		: 3		: 3
84		: JUDGE		: wants to enter
85		: JUDGE		: enters		: 3		: 3		: 3
86		: JUDGE		: starts confirmation	: 3		: 3		: 3
87		: IMM 13		: starts
88		: JUDGE		: ends confirmation	: 0		: 0		: 3
89		: IMM 10		: wants	certificate	: 0		: 0		: 3
90		: IMM 11		: wants	certificate	: 0		: 0		: 3
91		: IMM 12		: wants	certificate	: 0		: 0		: 3
92		: IMM 12		: got certificate	: 0		: 0		: 3
93		: IMM 10		: got certificate	: 0		: 0		: 3
94		: IMM 11		: got certificate	: 0		: 0		: 3
95		: IMM 14		: starts
96		: JUDGE		: leaves		: 0		: 0		: 3
97		: IMM 13		: enters		: 1		: 0		: 4
98		: IMM 13		: checks		: 1		: 1		: 4
99		: IMM 12		: leaves		: 1		: 1		: 3
100		: IMM 10		: leaves		: 1		: 1		: 2
101		: IMM 11		: leaves		: 1		: 1		: 1
102		: IMM 14		: enters		: 2		: 1		: 2
103		: IMM 14		: checks		: 2		: 2		: 2
104		: IMM 15		: starts
105		: IMM 15		: enters		: 3		: 2		: 3
106		: IMM 15		: checks		: 3		: 3		: 3
107		: JUDGE		: wants to enter
108		: JUDGE		: enters		: 3		: 3		: 3
109		: JUDGE		: starts confirmation	: 3		: 3		: 3
110		: IMM 16		: starts
111		: JUDGE		: ends confirmation	: 0		: 0		: 3
112		: IMM 13		: wants	certificate	: 0		: 0		: 3
113		: IMM 14		: wants	certificate	: 0		: 0		: 3
114		: IMM 15		: wants	certificate	: 0		: 0		: 3
115		: IMM 13		: got certificate	: 0		: 0		: 3
116		: IMM 14		: got certificate	: 0		: 0		: 3
117		: IMM 15		: got certificate	: 0		: 0		: 3
118		: IMM 17		: starts
119		: JUDGE		: leaves		: 0		: 0		: 3
120		: IMM 16		: enters		: 1		: 0		: 4
121		: IMM 13		: leaves		: 1		: 0		: 3
122		: IMM 14		: leaves		: 1		: 0		: 2
123		: IMM 15		: leaves		: 1		: 0		: 1
124		: IMM 17		: enters		: 2		: 0		: 2
125		: IMM 17		: checks		: 2		: 1		: 2
126		: IMM 16		: checks		: 2		: 2		: 2
127		: IMM 18		: starts
128		: IMM 18		: enters		: 3		: 2		: 3
129		: IMM 18		: checks		: 3		: 3		: 3
130		: JUDGE		: wants to enter
131		: JUDGE		: enters		: 3		: 3		: 3
132		: JUDGE		: starts confirmation	: 3		: 3		: 3
133		: IMM 19		: starts
134		: JUDGE		: ends confirmation	: 0		: 0		: 3
135		: IMM 17		: wants	certificate	: 0		: 0		: 3
136		: IMM 16		: wants	certificate	: 0		: 0		: 3
137		: IMM 18		: wants	certificate	: 0		: 0		: 3
138		: IMM 17		: got certificate	: 0		: 0		: 3
139		: IMM 16		: got certificate	: 0		: 0		: 3
140		: IMM 18		: got certificate	: 0		: 0		: 3
141		: IMM 20		: starts
142		: JUDGE		: leaves		: 0		: 0		: 3
143		: IMM 19		: enters		: 1		: 0		: 4
144		: IMM 19		: checks		: 1		: 1		: 4
145		: IMM 17		: leaves		: 1		: 1		: 3
146		: IMM 16		: leaves		: 1		: 1		: 2
147		: IMM 18		: leaves		: 1		: 1		: 1
148		: IMM 20		: enters		: 2		: 1		: 2
149		: IMM 20		: checks		: 2		: 2		: 2
150		: JUDGE		: wants to enter
151		: JUDGE		: enters		: 2		: 2		: 2
152		: JUDGE		: starts confirmation	: 2		: 2		: 2
153		: IMM 21		: starts
154		: IMM 22		: starts
155		: JUDGE		: ends confirmation	: 0		: 0		: 2
156		: IMM 19		: wants	certificate	: 0		: 0		: 2
157		: IMM 20		: wants	certificate	: 0		: 0		: 2
158		: IMM 19		: got certificate	: 0		: 0		: 2
159		: IMM 20		: got certificate	: 0		: 0		: 2
160		: IMM 23		: starts
161		: JUDGE		: leaves		: 0		: 0		: 2
162		: IMM 21		: enters		: 1		: 0		: 3
163		: IMM 21		: checks		: 1		: 1		: 3
164		: IMM 22		: enters		: 2		: 1		: 4
165		: IMM 22		: checks		: 2		: 2		: 4
166		: IMM 19		: leaves		: 2		: 2		: 3
167		: IMM 20		: leaves		: 2		: 2		: 2
168		: IMM 23		: enters		: 3		: 2		: 3
169		: IMM 23		: checks		: 3		: 3		: 3
170		: IMM 24		: starts
171		: IMM 24		: enters		: 4		: 3		: 4
172		: IMM 24		: checks		: 4		: 4		: 4
173		: JUDGE		: wants to enter
174		: JUDGE		: enters		: 4		: 4		: 4
175		: JUDGE		: starts confirmation	: 4		: 4		: 4
176		: IMM 25		: starts
177		: JUDGE		: ends confirmation	: 0		: 0		: 4
178		: IMM 21		: wants	certificate	: 0		: 0		: 4
179		: IMM 22		: wants	certificate	: 0		: 0		: 4
180		: IMM 21		: got certificate	: 0		: 0		: 4
181		: IMM 23		: wants	certificate	: 0		: 0		: 4
182		: IMM 24		: wants	certificate	: 0		: 0		: 4
183		: IMM 24		: got certificate	: 0		: 0		: 4
184		: IMM 22		: got certificate	: 0		: 0		: 4
185		: IMM 23		: got certificate	: 0		: 0		: 4
186		: IMM 26		: starts
187		: JUDGE		: leaves		: 0		: 0		: 4
188		: IMM 25		: enters		: 1		: 0		: 5
189		: IMM 25		: checks		: 1		: 1		: 5
190		: IMM 21		: leaves		: 1		: 1		: 4
191		: IMM 24		: leaves		: 1		: 1		: 3
192		: IMM 22		: leaves		: 1		: 1		: 2
193		: IMM 23		: leaves		: 1		: 1		: 1
194		: IMM 26		: enters		: 2		: 1		: 2
195		: IMM 26		: checks		: 2		: 2		: 2
196		: IMM 27		: starts
197		: IMM 27		: enters		: 3		: 2		: 3
198		: IMM 27		: checks		: 3		: 3		: 3
199		: JUDGE		: wants to enter
200		: JUDGE		: enters		: 3		: 3		: 3
201		: JUDGE		: starts confirmation	: 3		: 3		: 3
202		: IMM 28		: starts
203		: JUDGE		: ends confirmation	: 0		: 0		: 3
204		: IMM 25		: wants	certificate	: 0		: 0		: 3
205		: IMM 26		: wants	certificate	: 0		: 0		: 3
206		: IMM 27		: wants	certificate	: 0		: 0		: 3
207		: IMM 27		: got certificate	: 0		: 0		: 3
208		: IMM 25		: got certificate	: 0		: 0		: 3
209		: IMM 26		: got certificate	: 0		: 0		: 3
210		: IMM 29		: starts
211		: JUDGE		: leaves		: 0		: 0		: 3
212		: IMM 28		: enters		: 1		: 0		: 4
213		: IMM 28		: checks		: 1		: 1		: 4
214		: IMM 27		: leaves		: 1		: 1		: 3
215		: IMM 25		: leaves		: 1		: 1		: 2
216		: IMM 26		: leaves		: 1		: 1		: 1
217		: IMM 29		: enters		: 2		: 1		: 2
218		: IMM 29		: checks		: 2		: 2		: 2
219		: IMM 30		: starts
220		: IMM 30		: enters		: 3		: 2		: 3
221		: IMM 30		: checks		: 3		: 3		: 3
222		: JUDGE		: wants to enter
223		: JUDGE		: enters		: 3		: 3		: 3
224		: JUDGE		: starts confirmation	: 3		: 3		: 3
225		: IMM 31		: starts
226		: JUDGE		: ends confirmation	: 0		: 0		: 3
227		: IMM 28		: wants	certificate	: 0		: 0		: 3
228		: IMM 29		: wants	certificate	: 0		: 0		: 3
229		: IMM 28		: got certificate	: 0		: 0		: 3
230		: IMM 30		: wants	certificate	: 0		: 0		: 3
231		: IMM 29		: got certificate	: 0		: 0		: 3
232		: IMM 30		: got certificate	: 0		: 0		: 3
233		: IMM 32		: starts
234		: JUDGE		: leaves		: 0		: 0		: 3
235		: IMM 31		: enters		: 1		: 0		: 4
236		: IMM 31		: checks		: 1		: 1		: 4
237		: IMM 28		: leaves		: 1		: 1		: 3
238		: IMM 29		: leaves		: 1		: 1		: 2
239		: IMM 30		: leaves		: 1		: 1		: 1
240		: IMM 32		: enters		: 2		: 1		: 2
241		: IMM 32		: checks		: 2		: 2		: 2
242		: IMM 33		: starts
243		: IMM 33		: enters		: 3		: 2		: 3
244		: IMM 33		: checks		: 3		: 3		: 3
245		: JUDGE		: wants to enter
246		: JUDGE		: enters		: 3		: 3		: 3
247		: JUDGE		: starts confirmation	: 3		: 3		: 3
248		: IMM 34		: starts
249		: JUDGE		: ends confirmation	: 0		: 0		: 3
250		: IMM 31		: wants	certificate	: 0		: 0		: 3
251		: IMM 32		: wants	certificate	: 0		: 0		: 3
252		: IMM 31		: got certificate	: 0		: 0		: 3
253		: IMM 33		: wants	certificate	: 0		: 0		: 3
254		: IMM 32		: got certificate	: 0		: 0		: 3
255		: IMM 33		: got certificate	: 0		: 0		: 3
256		: IMM 35		: starts
257		: JUDGE		: leaves		: 0		: 0		: 3
258		: IMM 34		: enters		: 1		: 0		: 4
259		: IMM 34		: checks		: 1		: 1		: 4
260		: IMM 31		: leaves		: 1		: 1		: 3
261		: IMM 32		: leaves		: 1		: 1		: 2
262		: IMM 33		: leaves		: 1		: 1		: 1
263		: IMM 35		: enters		: 2		: 1		: 2
264		: IMM 35		: checks		: 2		: 2		: 2
265		: IMM 36		: starts
266		: IMM 36		: enters		: 3		: 2		: 3
267		: IMM 36		: checks		: 3		: 3		: 3
268		: JUDGE		: wants to enter
269		: JUDGE		: enters		: 3		: 3		: 3
270		: JUDGE		: starts confirmation	: 3		: 3		: 3
271		: IMM 37		: starts
272		: JUDGE		: ends confirmation	: 0		: 0		: 3
273		: IMM 34		: wants	certificate	: 0		: 0		: 3
274		: IMM 35		: wants	certificate	: 0		: 0		: 3
275		: IMM 36		: wants	certificate	: 0		: 0		: 3
276		: IMM 35		: got certificate	: 0		: 0		: 3
277		: IMM 34		: got certificate	: 0		: 0		: 3
278		: IMM 36		: got certificate	: 0		: 0		: 3
279		: IMM 38		: starts
280		: JUDGE		: leaves		: 0		: 0		: 3
281		: IMM 37		: enters		: 1		: 0		: 4
282		: IMM 37		: checks		: 1		: 1		: 4
283		: JUDGE		: wants to enter
284		: IMM 35		: leaves		: 1		: 1		: 3
285		: IMM 34		: leaves		: 1		: 1		: 2
286		: IMM 36		: leaves		: 1		: 1		: 1
287		: IMM 38		: enters		: 2		: 1		: 2
288		: IMM 38		: checks		: 2		: 2		: 2
289		: JUDGE		: enters		: 2		: 2		: 2
290		: JUDGE		: starts confirmation	: 2		: 2		: 2
291		: IMM 39		: starts
292		: IMM 40		: starts
293		: JUDGE		: ends confirmation	: 0		: 0		: 2
294		: IMM 37		: wants	certificate	: 0		: 0		: 2
295		: IMM 38		: wants	certificate	: 0		: 0		: 2
296		: IMM 37		: got certificate	: 0		: 0		: 2
297		: IMM 38		: got certificate	: 0		: 0		: 2
298		: IMM 41		: starts
299		: JUDGE		: leaves		: 0		: 0		: 2
300		: IMM 39		: enters		: 1		: 0		: 3
301		: IMM 40		: enters		: 2		: 0		: 4
302		: IMM 39		: checks		: 2		: 1		: 4
303		: IMM 37		: leaves		: 2		: 1		: 3
304		: IMM 40		: checks		: 2		: 2		: 3
305		: IMM 38		: leaves		: 2		: 2		: 2
306		: IMM 41		: enters		: 3		: 2		: 3
307		: IMM 41		: checks		: 3		: 3		: 3
308		: IMM 42		: starts
309		: IMM 42		: enters		: 4		: 3		: 4
310		: IMM 42		: checks		: 4		: 4		: 4
311		: JUDGE		: wants to enter
312		: JUDGE		: enters		: 4		: 4		: 4
313		: JUDGE		: starts confirmation	: 4		: 4		: 4
314		: IMM 43		: starts
315		: JUDGE		: ends confirmation	: 0		: 0		: 4
316		: IMM 39		: wants	certificate	: 0		: 0		: 4
317		: IMM 40		: wants	certificate	: 0		: 0		: 4
318		: IMM 41		: wants	certificate	: 0		: 0		: 4
319		: IMM 39		: got certificate	: 0		: 0		: 4
320		: IMM 42		: wants	certificate	: 0		: 0		: 4
321		: IMM 40		: got certificate	: 0		: 0		: 4
322		: IMM 41		: got certificate	: 0		: 0		: 4
323		: IMM 42		: got certificate	: 0		: 0		: 4
324		: JUDGE		: leaves		: 0		: 0		: 4
325		: IMM 43		: enters		: 1		: 0		: 5
326		: IMM 39		: leaves		: 1		: 0		: 4
327		: IMM 43		: checks		: 1		: 1		: 4
328		: IMM 40		: leaves		: 1		: 1		: 3
329		: IMM 41		: leaves		: 1		: 1		: 2
330		: IMM 42		: leaves		: 1		: 1		: 1
331		: IMM 44		: starts
332		: IMM 44		: enters		: 2		: 1		: 2
333		: IMM 44		: checks		: 2		: 2		: 2
334		: IMM 45		: starts
335		: IMM 45		: enters		: 3		: 2		: 3
336		: IMM 45		: checks		: 3		: 3		: 3
337		: JUDGE		: wants to enter
338		: JUDGE		: enters		: 3		: 3		: 3
339		: JUDGE		: starts confirmation	: 3		: 3		: 3
340		: IMM 46		: starts
341		: JUDGE		: ends confirmation	: 0		: 0		: 3
342		: IMM 43		: wants	certificate	: 0		: 0		: 3
343		: IMM 44		: wants	certificate	: 0		: 0		: 3
344		: IMM 45		: wants	certificate	: 0		: 0		: 3
345		: IMM 44		: got certificate	: 0		: 0		: 3
346		: IMM 43		: got certificate	: 0		: 0		: 3
347		: IMM 45		: got certificate	: 0		: 0		: 3
348		: IMM 47		: starts
349		: JUDGE		: leaves		: 0		: 0		: 3
350		: IMM 46		: enters		: 1		: 0		: 4
351		: IMM 46		: checks		: 1		: 1		: 4
352		: IMM 44		: leaves		: 1		: 1		: 3
353		: IMM 43		: leaves		: 1		: 1		: 2
354		: IMM 45		: leaves		: 1		: 1		: 1
355		: IMM 47		: enters		: 2		: 1		: 2
356		: IMM 47		: checks		: 2		: 2		: 2
357		: JUDGE		: wants to enter
358		: JUDGE		: enters		: 2		: 2		: 2
359		: JUDGE		: starts confirmation	: 2		: 2		: 2
360		: IMM 48		: starts
361		: IMM 49		: starts
362		: JUDGE		: ends confirmation	: 0		: 0		: 2
363		: IMM 46		: wants	certificate	: 0		: 0		: 2
364		: IMM 47		: wants	certificate	: 0		: 0		: 2
365		: IMM 46		: got certificate	: 0		: 0		: 2
366		: IMM 47		: got certificate	: 0		: 0		: 2
367		: IMM 50		: starts
368		: JUDGE		: leaves		: 0		: 0		: 2
369		: IMM 48		: enters		: 1		: 0		: 3
370		: IMM 49		: enters		: 2		: 0		: 4
371		: IMM 48		: checks		: 2		: 1		: 4
372		: IMM 46		: leaves		: 2		: 1		: 3
373		: IMM 49		: checks		: 2		: 2		: 3
374		: IMM 47		: leaves		: 2		: 2		: 2
375		: IMM 50		: enters		: 3		: 2		: 3
376		: IMM 50		: checks		: 3		: 3		: 3
377		: IMM 51		: starts
378		: IMM 51		: enters		: 4		: 3		: 4
379		: IMM 51		: checks		: 4		: 4		: 4
380		: JUDGE		: wants to enter
381		: JUDGE		: enters		: 4		: 4		: 4
382		: JUDGE		: starts confirmation	: 4		: 4		: 4
383		: IMM 52		: starts
384		: JUDGE		: ends confirmation	: 0		: 0		: 4
385		: IMM 48		: wants	certificate	: 0		: 0		: 4
386		: IMM 49		: wants	certificate	: 0		: 0		: 4
387		: IMM 50		: wants	certificate	: 0		: 0		: 4
388		: IMM 51		: wants	certificate	: 0		: 0		: 4
389		: IMM 48		: got certificate	: 0		: 0		: 4
390		: IMM 49		: got certificate	: 0		: 0		: 4
391		: IMM 51		: got certificate	: 0		: 0		: 4
392		: IMM 50		: got certificate	: 0		: 0		: 4
393		: IMM 53		: starts
394		: JUDGE		: leaves		: 0		: 0		: 4
395		: IMM 52		: enters		: 1		: 0		: 5
396		: IMM 48		: leaves		: 1		: 0		: 4
397		: IMM 52		: checks		: 1		: 1		: 4
398		: IMM 49		: leaves		: 1		: 1		: 3
399		: IMM 51		: leaves		: 1		: 1		: 2
400		: IMM 50		: leaves		: 1		: 1		: 1
401		: IMM 53		: enters		: 2		: 1		: 2
402		: IMM 53		: checks		: 2		: 2		: 2
403		: IMM 54		: starts
404		: IMM 54		: enters		: 3		: 2		: 3
405		: IMM 54		: checks		: 3		: 3		: 3
406		: JUDGE		: wants to enter
407		: JUDGE		: enters		: 3		: 3		: 3
408		: JUDGE		: starts confirmation	: 3		: 3		: 3
409		: IMM 55		: starts
410		: JUDGE		: ends confirmation	: 0		: 0		: 3
411		: IMM 52		: wants	certificate	: 0		: 0		: 3
412		: IMM 53		: wants	certificate	: 0		: 0		: 3
413		: IMM 54		: wants	certificate	: 0		: 0		: 3
414		: IMM 52		: got certificate	: 0		: 0		: 3
415		: IMM 53		: got certificate	: 0		: 0		: 3
416		: IMM 54		: got certificate	: 0		: 0		: 3
417		: IMM 56		: starts
418		: JUDGE		: leaves		: 0		: 0		: 3
419		: IMM 55		: enters		: 1		: 0		: 4
420		: IMM 52		: leaves		: 1		: 0		: 3
421		: IMM 55		: checks		: 1		: 1		: 3
422		: IMM 53		: leaves		: 1		: 1		: 2
423		: IMM 54		: leaves		: 1		: 1		: 1
424		: IMM 56		: enters		: 2		: 1		: 2
425		: IMM 56		: checks		: 2		: 2		: 2
426		: IMM 57		: starts
427		: IMM 57		: enters		: 3		: 2		: 3
428		: IMM 57		: checks		: 3		: 3		: 3
429		: JUDGE		: wants to enter
430		: JUDGE		: enters		: 3		: 3		: 3
431		: JUDGE		: starts confirmation	: 3		: 3		: 3
432		: IMM 58		: starts
433		: JUDGE		: ends confirmation	: 0		: 0		: 3
434		: IMM 55		: wants	certificate	: 0		: 0		: 3
435		: IMM 56		: wants	certificate	: 0		: 0		: 3
436		: IMM 57		: wants	certificate	: 0		: 0		: 3
437		: IMM 55		: got certificate	: 0		: 0		: 3
438		: IMM 57		: got certificate	: 0		: 0		: 3
439		: IMM 56		: got certificate	: 0		: 0		: 3
440		: IMM 59		: starts
441		: JUDGE		: leaves		: 0		: 0		: 3
442		: IMM 58		: enters		: 1		: 0		: 4
443		: IMM 58		: checks		: 1		: 1		: 4
444		: IMM 55		: leaves		: 1		: 1		: 3
445		: IMM 57		: leaves		: 1		: 1		: 2
446		: IMM 56		: leaves		: 1		: 1		: 1
447		: IMM 59		: enters		: 2		: 1		: 2
448		: IMM 59		: checks		: 2		: 2		: 2
449		: IMM 60		: starts
450		: IMM 60		: enters		: 3		: 2		: 3
451		: IMM 60		: checks		: 3		: 3		: 3
452		: JUDGE		: wants to enter
453		: JUDGE		: enters		: 3		: 3		: 3
454		: JUDGE		: starts confirmation	: 3		: 3		: 3
455		: IMM 61		: starts
456		: JUDGE		: ends confirmation	: 0		: 0		: 3
457		: IMM 58		: wants	certificate	: 0		: 0		: 3
458		: IMM 59		: wants	certificate	: 0		: 0		: 3
459		: IMM 60		: wants	certificate	: 0		: 0		: 3
460		: IMM 58		: got certificate	: 0		: 0		: 3
461		: IMM 59		: got certificate	: 0		: 0		: 3
462		: IMM 60		: got certificate	: 0		: 0		: 3
463		: IMM 62		: starts
464		: JUDGE		: leaves		: 0		: 0		: 3
465		: IMM 61		: enters		: 1		: 0		: 4
466		: IMM 61		: checks		: 1		: 1		: 4
467		: IMM 58		: leaves		: 1		: 1		: 3
468		: IMM 59		: leaves		: 1		: 1		: 2
469		: IMM 60		: leaves		: 1		: 1		: 1
470		: IMM 62		: enters		: 2		: 1		: 2
471		: IMM 62		: checks		: 2		: 2		: 2
472		: IMM 63		: starts
473		: IMM 63		: enters		: 3		: 2		: 3
474		: IMM 63		: checks		: 3		: 3		: 3
475		: JUDGE		: wants to enter
476		: JUDGE		: enters		: 3		: 3		: 3
477		: JUDGE		: starts confirmation	: 3		: 3		: 3
478		: IMM 64		: starts
479		: JUDGE		: ends confirmation	: 0		: 0		: 3
480		: IMM 61		: wants	certificate	: 0		: 0		: 3
481		: IMM 62		: wants	certificate	: 0		: 0		: 3
482		: IMM 63		: wants	certificate	: 0		: 0		: 3
483		: IMM 61		: got certificate	: 0		: 0		: 3
484		: IMM 63		: got certificate	: 0		: 0		: 3
485		: IMM 62		: got certificate	: 0		: 0		: 3
486		: IMM 65		: starts
487		: JUDGE		: leaves		: 0		: 0		: 3
488		: IMM 64		: enters		: 1		: 0		: 4
489		: IMM 64		: checks		: 1		: 1		: 4
490		: IMM 61		: leaves		: 1		: 1		: 3
491		: IMM 63		: leaves		: 1		: 1		: 2
492		: IMM 62		: leaves		: 1		: 1		: 1
493		: IMM 65		: enters		: 2		: 1		: 2
494		: IMM 65		: checks		: 2		: 2		: 2
495		: IMM 66		: starts
496		: IMM 66		: enters		: 3		: 2		: 3
497		: IMM 66		: checks		: 3		: 3		: 3
498		: JUDGE		: wants to enter
499		: JUDGE		: enters		: 3		: 3		: 3
500		: JUDGE		: starts confirmation	: 3		: 3		: 3
501		: IMM 67		: starts
502		: JUDGE		: ends confirmation	: 0		: 0		: 3
503		: IMM 64		: wants	certificate	: 0		: 0		: 3
504		: IMM 65		: wants	certificate	: 0		: 0		: 3
505		: IMM 66		: wants	certificate	: 0		: 0		: 3
506		: IMM 64		: got certificate	: 0		: 0		: 3
507		: IMM 65		: got certificate	: 0		: 0		: 3
508		: IMM 66		: got certificate	: 0		: 0		: 3
509		: IMM 68		: starts
510		: JUDGE		: leaves		: 0		: 0		: 3
511		: IMM 67		: enters		: 1		: 0		: 4
512		: IMM 67		: checks		: 1		: 1		: 4
513		: IMM 64		: leaves		: 1		: 1		: 3
514		: IMM 65		: leaves		: 1		: 1		: 2
515		: IMM 66		: leaves		: 1		: 1		: 1
516		: IMM 68		: enters		: 2		: 1		: 2
517		: IMM 68		: checks		: 2		: 2		: 2
518		: IMM 69		: starts
519		: IMM 69		: enters		: 3		: 2		: 3
520		: IMM 69		: checks		: 3		: 3		: 3
521		: JUDGE		: wants to enter
522		: JUDGE		: enters		: 3		: 3		: 3
523		: JUDGE		: starts confirmation	: 3		: 3		: 3
524		: IMM 70		: starts
525		: JUDGE		: ends confirmation	: 0		: 0		: 3
526		: IMM 67		: wants	certificate	: 0		: 0		: 3
527		: IMM 68		: wants	certificate	: 0		: 0		: 3
528		: IMM 69		: wants	certificate	: 0		: 0		: 3
529		: IMM 68		: got certificate	: 0		: 0		: 3
530		: IMM 67		: got certificate	: 0		: 0		: 3
531		: IMM 69		: got certificate	: 0		: 0		: 3
532		: IMM 71		: starts
533		: JUDGE		: leaves		: 0		: 0		: 3
534		: IMM 70		: enters		: 1		: 0		: 4
535		: IMM 68		: leaves		: 1		: 0		: 3
536		: IMM 70		: checks		: 1		: 1		: 3
537		: IMM 67		: leaves		: 1		: 1		: 2
538		: IMM 69		: leaves		: 1		: 1		: 1
539		: IMM 71		: enters		: 2		: 1		: 2
540		: IMM 71		: checks		: 2		: 2		: 2
541		: IMM 72		: starts
542		: IMM 72		: enters		: 3		: 2		: 3
543		: IMM 72		: checks		: 3		: 3		: 3
544		: JUDGE		: wants to enter
545		: JUDGE		: enters		: 3		: 3		: 3
546		: JUDGE		: starts confirmation	: 3		: 3		: 3
547		: IMM 73		: starts
548		: JUDGE		: ends confirmation	: 0		: 0		: 3
549		: IMM 70		: wants	certificate	: 0		: 0		: 3
550		: IMM 71		: wants	certificate	: 0		: 0		: 3
551		: IMM 70		: got certificate	: 0		: 0		: 3
552		: IMM 72		: wants	certificate	: 0		: 0		: 3
553		: IMM 71		: got certificate	: 0		: 0		: 3
554		: IMM 72		: got certificate	: 0		: 0		: 3
555		: IMM 74		: starts
556		: JUDGE		: leaves		: 0		: 0		: 3
557		: IMM 73		: enters		: 1		: 0		: 4
558		: IMM 70		: leaves		: 1		: 0		: 3
559		: IMM 73		: checks		: 1		: 1		: 3
560		: IMM 71		: leaves		: 1		: 1		: 2
561		: IMM 72		: leaves		: 1		: 1		: 1
562		: IMM 74		: enters		: 2		: 1		: 2
563		: IMM 74		: checks		: 2		: 2		: 2
564		: IMM 75		: starts
565		: IMM 75		: enters		: 3		: 2		: 3
566		: IMM 75		: checks		: 3		: 3		: 3
567		: JUDGE		: wants to enter
568		: JUDGE		: enters		: 3		: 3		: 3
569		: JUDGE		: starts confirmation	: 3		: 3		: 3
570		: IMM 76		: starts
571		: JUDGE		: ends confirmation	: 0		: 0		: 3
572		: IMM 73		: wants	certificate	: 0		: 0		: 3
573		: IMM 74		: wants	certificate	: 0		: 0		: 3
574		: IMM 75		: wants	certificate	: 0		: 0		: 3
575		: IMM 75		: got certificate	: 0		: 0		: 3
576		: IMM 73		: got certificate	: 0		: 0		: 3
577		: IMM 74		: got certificate	: 0		: 0		: 3
578		: IMM 77		: starts
579		: JUDGE		: leaves		: 0		: 0		: 3
580		: IMM 76		: enters		: 1		: 0		: 4
581		: IMM 75		: leaves		: 1		: 0		: 3
582		: IMM 76		: checks		: 1		: 1		: 3
583		: IMM 73		: leaves		: 1		: 1		: 2
584		: IMM 74		: leaves		: 1		: 1		: 1
585		: IMM 77		: enters		: 2		: 1		: 2
586		: IMM 77		: checks		: 2		: 2		: 2
587		: IMM 78		: starts
588		: IMM 78		: enters		: 3		: 2		: 3
589		: IMM 78		: checks		: 3		: 3		: 3
590		: JUDGE		: wants to enter
591		: JUDGE		: enters		: 3		: 3		: 3
592		: JUDGE		: starts confirmation	: 3		: 3		: 3
593		: IMM 79		: starts
594		: JUDGE		: ends confirmation	: 0		: 0		: 3
595		: IMM 76		: wants	certificate	: 0		: 0		: 3
596		: IMM 77		: wants	certificate	: 0		: 0		: 3
597		: IMM 78		: wants	certificate	: 0		: 0		: 3
598		: IMM 76		: got certificate	: 0		: 0		: 3
599		: IMM 77		: got certificate	: 0		: 0		: 3
600		: IMM 78		: got certificate	: 0		: 0		: 3
601		: IMM 80		: starts
602		: JUDGE		: leaves		: 0		: 0		: 3
603		: IMM 79		: enters		: 1		: 0		: 4
604		: IMM 79		: checks		: 1		: 1		: 4
605		: IMM 76		: leaves		: 1		: 1		: 3
606		: IMM 77		: leaves		: 1		: 1		: 2
607		: IMM 78		: leaves		: 1		: 1		: 1
608		: IMM 80		: enters		: 2		: 1		: 2
609		: IMM 80		: checks		: 2		: 2		: 2
610		: IMM 81		: starts
611		: IMM 81		: enters		: 3		: 2		: 3
612		: IMM 81		: checks		: 3		: 3		: 3
613		: JUDGE		: wants to enter
614		: JUDGE		: enters		: 3		: 3		: 3
615		: JUDGE		: starts confirmation	: 3		: 3		: 3
616		: IMM 82		: starts
617		: JUDGE		: ends confirmation	: 0		: 0		: 3
618		: IMM 79		: wants	certificate	: 0		: 0		: 3
619		: IMM 80		: wants	certificate	: 0		: 0		: 3
620		: IMM 81		: wants	certificate	: 0		: 0		: 3
621		: IMM 79		: got certificate	: 0		: 0		: 3
622		: IMM 81		: got certificate	: 0		: 0		: 3
623		: IMM 80		: got certificate	: 0		: 0		: 3
624		: IMM 83		: starts
625		: JUDGE		: leaves		: 0		: 0		: 3
626		: IMM 82		: enters		: 1		: 0		: 4
627		: IMM 79		: leaves		: 1		: 0		: 3
628		: IMM 82		: checks		: 1		: 1		: 3
629		: IMM 81		: leaves		: 1		: 1		: 2
630		: IMM 80		: leaves		: 1		: 1		: 1
631		: IMM 83		: enters		: 2		: 1		: 2
632		: IMM 83		: checks		: 2		: 2		: 2
633		: IMM 84		: starts
634		: IMM 84		: enters		: 3		: 2		: 3
635		: IMM 84		: checks		: 3		: 3		: 3
636		: JUDGE		: wants to enter
637		: JUDGE		: enters		: 3		: 3		: 3
638		: JUDGE		: starts confirmation	: 3		: 3		: 3
639		: IMM 85		: starts
640		: JUDGE		: ends confirmation	: 0		: 0		: 3
641		: IMM 82		: wants	certificate	: 0		: 0		: 3
642		: IMM 83		: wants	certificate	: 0		: 0		: 3
643		: IMM 84		: wants	certificate	: 0		: 0		: 3
644		: IMM 82		: got certificate	: 0		: 0		: 3
645		: IMM 84		: got certificate	: 0		: 0		: 3
646		: IMM 83		: got certificate	: 0		: 0		: 3
647		: IMM 86		: starts
648		: JUDGE		: leaves		: 0		: 0		: 3
649		: IMM 85		: enters		: 1		: 0		: 4
650		: IMM 85		: checks		: 1		: 1		: 4
651		: IMM 82		: leaves		: 1		: 1		: 3
652		: IMM 84		: leaves		: 1		: 1		: 2
653		: IMM 83		: leaves		: 1		: 1		: 1
654		: IMM 86		: enters		: 2		: 1		: 2
655		: IMM 86		: checks		: 2		: 2		: 2
656		: IMM 87		: starts
657		: IMM 87		: enters		: 3		: 2		: 3
658		: IMM 87		: checks		: 3		: 3		: 3
659		: JUDGE		: wants to enter
660		: JUDGE		: enters		: 3		: 3		: 3
661		: JUDGE		: starts confirmation	: 3		: 3		: 3
662		: IMM 88		: starts
663		: JUDGE		: ends confirmation	: 0		: 0		: 3
664		: IMM 85		: wants	certificate	: 0		: 0		: 3
665		: IMM 86		: wants	certificate	: 0		: 0		: 3
666		: IMM 87		: wants	certificate	: 0		: 0		: 3
667		: IMM 86		: got certificate	: 0		: 0		: 3
668		: IMM 85		: got certificate	: 0		: 0		: 3
669		: IMM 87		: got certificate	: 0		: 0		: 3
670		: IMM 89		: starts
671		: JUDGE		: leaves		: 0		: 0		: 3
672		: IMM 88		: enters		: 1		: 0		: 4
673		: IMM 88		: checks		: 1		: 1		: 4
674		: IMM 86		: leaves		: 1		: 1		: 3
675		: IMM 85		: leaves		: 1		: 1		: 2
676		: IMM 87		: leaves		: 1		: 1		: 1
677		: IMM 89		: enters		: 2		: 1		: 2
678		: IMM 89		: checks		: 2		: 2		: 2
679		: IMM 90		: starts
680		: IMM 90		: enters		: 3		: 2		: 3
681		: IMM 90		: checks		: 3		: 3		: 3
682		: JUDGE		: wants to enter
683		: JUDGE		: enters		: 3		: 3		: 3
684		: JUDGE		: starts confirmation	: 3		: 3		: 3
685		: IMM 91		: starts
686		: JUDGE		: ends confirmation	: 0		: 0		: 3
687		: IMM 88		: wants	certificate	: 0		: 0		: 3
688		: IMM 89		: wants	certificate	: 0		: 0		: 3
689		: IMM 90		: wants	certificate	: 0		: 0		: 3
690		: IMM 88		: got certificate	: 0		: 0		: 3
691		: IMM 89		: got certificate	: 0		: 0		: 3
692		: IMM 90		: got certificate	: 0		: 0		: 3
693		: IMM 92		: starts
694		: JUDGE		: leaves		: 0		: 0		: 3
695		: IMM 91		: enters		: 1		: 0		: 4
696		: IMM 91		: checks		: 1		: 1		: 4
697		: IMM 88		: leaves		: 1		: 1		: 3
698		: IMM 89		: leaves		: 1		: 1		: 2
699		: IMM 90		: leaves		: 1		: 1		: 1
700		: IMM 92		: enters		: 2		: 1		: 2
701		: IMM 92		: checks		: 2		: 2		: 2
702		: IMM 93		: starts
703		: IMM 93		: enters		: 3		: 2		: 3
704		: IMM 93		: checks		: 3		: 3		: 3
705		: JUDGE		: wants to enter
706		: JUDGE		: enters		: 3		: 3		: 3
707		: JUDGE		: starts confirmation	: 3		: 3		: 3
708		: IMM 94		: starts
709		: JUDGE		: ends confirmation	: 0		: 0		: 3
710		: IMM 91		: wants	certificate	: 0		: 0		: 3
711		: IMM 92		: wants	certificate	: 0		: 0		: 3
712		: IMM 93		: wants	certificate	: 0		: 0		: 3
713		: IMM 91		: got certificate	: 0		: 0		: 3
714		: IMM 92		: got certificate	: 0		: 0		: 3
715		: IMM 93		: got certificate	: 0		: 0		: 3
716		: IMM 95		: starts
717		: JUDGE		: leaves		: 0		: 0		: 3
718		: IMM 94		: enters		: 1		: 0		: 4
719		: IMM 94		: checks		: 1		: 1		: 4
720		: IMM 91		: leaves		: 1		: 1		: 3
721		: IMM 92		: leaves		: 1		: 1		: 2
722		: IMM 93		: leaves		: 1		: 1		: 1
723		: IMM 95		: enters		: 2		: 1		: 2
724		: IMM 95		: checks		: 2		: 2		: 2
725		: IMM 96		: starts
726		: IMM 96		: enters		: 3		: 2		: 3
727		: IMM 96		: checks		: 3		: 3		: 3
728		: JUDGE		: wants to enter
729		: JUDGE		: enters		: 3		: 3		: 3
730		: JUDGE		: starts confirmation	: 3		: 3		: 3
731		: IMM 97		: starts
732		: JUDGE		: ends confirmation	: 0		: 0		: 3
733		: IMM 94		: wants	certificate	: 0		: 0		: 3
734		: IMM 95		: wants	certificate	: 0		: 0		: 3
735		: IMM 96		: wants	certificate	: 0		: 0		: 3
736		: IMM 94		: got certificate	: 0		: 0		: 3
737		: IMM 95		: got certificate	: 0		: 0		: 3
738		: IMM 96		: got certificate	: 0		: 0		: 3
739		: IMM 98		: starts
740		: JUDGE		: leaves		: 0		: 0		: 3
741		: IMM 97		: enters		: 1		: 0		: 4
742		: IMM 94		: leaves		: 1		: 0		: 3
743		: IMM 97		: checks		: 1		: 1		: 3
744		: IMM 95		: leaves		: 1		: 1		: 2
745		: IMM 96		: leaves		: 1		: 1		: 1
746		: IMM 98		: enters		: 2		: 1		: 2
747		: IMM 98		: checks		: 2		: 2		: 2
748		: IMM 99		: starts
749		: IMM 99		: enters		: 3		: 2		: 3
750		: IMM 99		: checks		: 3		: 3		: 3
751		: JUDGE		: wants to enter
752		: JUDGE		: enters		: 3		: 3		: 3
753		: JUDGE		: starts confirmation	: 3		: 3		: 3
754		: IMM 100		: starts
755		: JUDGE		: ends confirmation	: 0		: 0		: 3
756		: IMM 97		: wants	certificate	: 0		: 0		: 3
757		: IMM 98		: wants	certificate	: 0		: 0		: 3
758		: IMM 99		: wants	certificate	: 0		: 0		: 3
759		: IMM 97		: got certificate	: 0		: 0		: 3
760		: IMM 98		: got certificate	: 0		: 0		: 3
761		: IMM 99		: got certificate	: 0		: 0		: 3
762		: JUDGE		: leaves		: 0		: 0		: 3
763		: IMM 100		: enters		: 1		: 0		: 4
764		: IMM 100		: checks		: 1		: 1		: 4
765		: IMM 97		: leaves		: 1		: 1		: 3
766		: IMM 98		: leaves		: 1		: 1		: 2
767		: IMM 99		: leaves		: 1		: 1		: 1
768		: JUDGE		: wants to enter
769		: JUDGE		: enters		: 1		: 1		: 1
770		: JUDGE		: starts confirmation	: 1		: 1		: 1
771		: JUDGE		: ends confirmation	: 0		: 0		: 1
772		: IMM 100		: wants	certificate	: 0		: 0		: 1
773		: IMM 100		: got certificate	: 0		: 0		: 1
774		: JUDGE		: leaves		: 0		: 0		: 1
775		: JUDGE		: finishes
776		: IMM 100		: leaves		: 0		: 0		: 0
